d:\c++\filepasserserver\x64\release\filepasserserver.pch
d:\c++\filepasserserver\x64\release\vc142.pdb
d:\c++\filepasserserver\x64\release\pch.obj
d:\c++\filepasserserver\x64\release\socketserver.obj
d:\c++\filepasserserver\x64\release\filepasserserverdlg.obj
d:\c++\filepasserserver\x64\release\filepasserserver.obj
d:\c++\filepasserserver\x64\release\filepasserserver.ipdb
d:\c++\filepasserserver\x64\release\filepasserserver.iobj
d:\c++\filepasserserver\x64\release\filepasserserver.exe
d:\c++\filepasserserver\x64\release\filepasserserver.pdb
d:\c++\filepasserserver\x64\release\filepasserserver.res
d:\c++\filepasserserver\x64\release\filepasserserver.tlog\cl.command.1.tlog
d:\c++\filepasserserver\x64\release\filepasserserver.tlog\cl.read.1.tlog
d:\c++\filepasserserver\x64\release\filepasserserver.tlog\cl.write.1.tlog
d:\c++\filepasserserver\x64\release\filepasserserver.tlog\filepasserserver.write.1u.tlog
d:\c++\filepasserserver\x64\release\filepasserserver.tlog\link.command.1.tlog
d:\c++\filepasserserver\x64\release\filepasserserver.tlog\link.delete.1.tlog
d:\c++\filepasserserver\x64\release\filepasserserver.tlog\link.read.1.tlog
d:\c++\filepasserserver\x64\release\filepasserserver.tlog\link.write.1.tlog
d:\c++\filepasserserver\x64\release\filepasserserver.tlog\rc.command.1.tlog
d:\c++\filepasserserver\x64\release\filepasserserver.tlog\rc.read.1.tlog
d:\c++\filepasserserver\x64\release\filepasserserver.tlog\rc.write.1.tlog
