c:\users\user\desktop\vs2019\filepasserclient\filepasserclient\debug\vc142.pdb
c:\users\user\desktop\vs2019\filepasserclient\filepasserclient\debug\vc142.idb
c:\users\user\desktop\vs2019\filepasserclient\filepasserclient\debug\filepasserclientdlg.obj
c:\users\user\desktop\vs2019\filepasserclient\filepasserclient\debug\filepasserclient.obj
c:\users\user\desktop\vs2019\filepasserclient\filepasserclient\debug\socketclient.obj
c:\users\user\desktop\vs2019\filepasserclient\filepasserclient\debug\filepasserclient.pch
c:\users\user\desktop\vs2019\filepasserclient\filepasserclient\debug\pch.obj
c:\users\user\desktop\vs2019\filepasserclient\filepasserclient\debug\clientsocket.obj
c:\users\user\desktop\vs2019\filepasserclient\debug\filepasserclient.exe
c:\users\user\desktop\vs2019\filepasserclient\debug\filepasserclient.ilk
c:\users\user\desktop\vs2019\filepasserclient\debug\filepasserclient.pdb
c:\users\user\desktop\vs2019\filepasserclient\filepasserclient\debug\filepasserclient.res
c:\users\user\desktop\vs2019\filepasserclient\filepasserclient\debug\socketconnect.obj
c:\users\user\desktop\vs2019\filepasserclient\filepasserclient\debug\filepasserclient.tlog\cl.command.1.tlog
c:\users\user\desktop\vs2019\filepasserclient\filepasserclient\debug\filepasserclient.tlog\cl.read.1.tlog
c:\users\user\desktop\vs2019\filepasserclient\filepasserclient\debug\filepasserclient.tlog\cl.write.1.tlog
c:\users\user\desktop\vs2019\filepasserclient\filepasserclient\debug\filepasserclient.tlog\link.command.1.tlog
c:\users\user\desktop\vs2019\filepasserclient\filepasserclient\debug\filepasserclient.tlog\link.read.1.tlog
c:\users\user\desktop\vs2019\filepasserclient\filepasserclient\debug\filepasserclient.tlog\link.write.1.tlog
c:\users\user\desktop\vs2019\filepasserclient\filepasserclient\debug\filepasserclient.tlog\rc.command.1.tlog
c:\users\user\desktop\vs2019\filepasserclient\filepasserclient\debug\filepasserclient.tlog\rc.read.1.tlog
c:\users\user\desktop\vs2019\filepasserclient\filepasserclient\debug\filepasserclient.tlog\rc.write.1.tlog
