d:\c++\filepasserserver\debug\filepasserserver.pch
d:\c++\filepasserserver\debug\vc142.pdb
d:\c++\filepasserserver\debug\vc142.idb
d:\c++\filepasserserver\debug\pch.obj
d:\c++\filepasserserver\debug\serverstarter.obj
d:\c++\filepasserserver\debug\filepasserserver.obj
d:\c++\filepasserserver\debug\filepasserserver.exe
d:\c++\filepasserserver\debug\filepasserserver.ilk
d:\c++\filepasserserver\debug\filepasserserver.pdb
d:\c++\filepasserserver\debug\filepasserserver.res
d:\c++\filepasserserver\debug\filepasserserverdlg.obj
d:\c++\filepasserserver\debug\socketserver.obj
d:\c++\filepasserserver\debug\filepasserserverdlg.obj.enc
d:\c++\filepasserserver\debug\filepasserserver.tlog\cl.command.1.tlog
d:\c++\filepasserserver\debug\filepasserserver.tlog\cl.read.1.tlog
d:\c++\filepasserserver\debug\filepasserserver.tlog\cl.write.1.tlog
d:\c++\filepasserserver\debug\filepasserserver.tlog\link.command.1.tlog
d:\c++\filepasserserver\debug\filepasserserver.tlog\link.read.1.tlog
d:\c++\filepasserserver\debug\filepasserserver.tlog\link.write.1.tlog
d:\c++\filepasserserver\debug\filepasserserver.tlog\rc.command.1.tlog
d:\c++\filepasserserver\debug\filepasserserver.tlog\rc.read.1.tlog
d:\c++\filepasserserver\debug\filepasserserver.tlog\rc.write.1.tlog
